0 verbose cli /data/data/com.termux/files/usr/bin/node /data/data/com.termux/files/usr/bin/npm
1 info using npm@9.4.0
2 info using node@v19.6.0
3 timing npm:load:whichnode Completed in 2ms
4 timing config:load:defaults Completed in 4ms
5 timing config:load:file:/data/data/com.termux/files/usr/lib/node_modules/npm/npmrc Completed in 1ms
6 timing config:load:builtin Completed in 2ms
7 timing config:load:cli Completed in 3ms
8 timing config:load:env Completed in 1ms
9 timing config:load:file:/storage/emulated/0/Download/voting_app/.npmrc Completed in 1ms
10 timing config:load:project Completed in 6ms
11 timing config:load:file:/data/data/com.termux/files/home/.npmrc Completed in 3ms
12 timing config:load:user Completed in 3ms
13 timing config:load:file:/data/data/com.termux/files/usr/etc/npmrc Completed in 0ms
14 timing config:load:global Completed in 1ms
15 timing config:load:setEnvs Completed in 2ms
16 timing config:load Completed in 22ms
17 timing npm:load:configload Completed in 22ms
18 timing npm:load:mkdirpcache Completed in 1ms
19 timing npm:load:mkdirplogs Completed in 2ms
20 verbose title npm install
21 verbose argv "install"
22 timing npm:load:setTitle Completed in 2ms
23 timing config:load:flatten Completed in 6ms
24 timing npm:load:display Completed in 9ms
25 verbose logfile logs-max:10 dir:/data/data/com.termux/files/home/.npm/_logs/2023-02-16T10_20_32_264Z-
26 verbose logfile /data/data/com.termux/files/home/.npm/_logs/2023-02-16T10_20_32_264Z-debug-0.log
27 timing npm:load:logFile Completed in 11ms
28 timing npm:load:timers Completed in 0ms
29 timing npm:load:configScope Completed in 0ms
30 timing npm:load Completed in 50ms
31 timing arborist:ctor Completed in 2ms
32 silly logfile start cleaning logs, removing 1 files
33 silly logfile done cleaning log files
34 timing idealTree:init Completed in 350ms
35 warn old lockfile
35 warn old lockfile The package-lock.json file was created with an old version of npm,
35 warn old lockfile so supplemental metadata must be fetched from the registry.
35 warn old lockfile
35 warn old lockfile This is a one-time fix-up, please be patient...
35 warn old lockfile
36 timing npm Completed in 509ms
37 verbose unfinished npm timer command:install 1676542832340
38 verbose unfinished npm timer reify 1676542832348
39 verbose unfinished npm timer reify:loadTrees 1676542832357
40 verbose unfinished npm timer idealTree 1676542832358
41 verbose unfinished npm timer idealTree:inflate 1676542832709
42 info ok
43 error Exit handler never called!
44 error This is an error with npm itself. Please report this error at:
45 error     <https://github.com/npm/cli/issues>
46 error A complete log of this run can be found in:
46 error     /data/data/com.termux/files/home/.npm/_logs/2023-02-16T10_20_32_264Z-debug-0.log
