0 verbose cli /data/data/com.termux/files/usr/bin/node /data/data/com.termux/files/usr/bin/npm
1 info using npm@9.4.0
2 info using node@v19.6.0
3 timing npm:load:whichnode Completed in 2ms
4 timing config:load:defaults Completed in 4ms
5 timing config:load:file:/data/data/com.termux/files/usr/lib/node_modules/npm/npmrc Completed in 1ms
6 timing config:load:builtin Completed in 1ms
7 timing config:load:cli Completed in 3ms
8 timing config:load:env Completed in 1ms
9 timing config:load:project Completed in 3ms
10 timing config:load:file:/data/data/com.termux/files/home/.npmrc Completed in 3ms
11 timing config:load:user Completed in 3ms
12 timing config:load:file:/data/data/com.termux/files/usr/etc/npmrc Completed in 0ms
13 timing config:load:global Completed in 1ms
14 timing config:load:setEnvs Completed in 2ms
15 timing config:load Completed in 21ms
16 timing npm:load:configload Completed in 21ms
17 timing npm:load:mkdirpcache Completed in 0ms
18 timing npm:load:mkdirplogs Completed in 0ms
19 verbose title npm config set unsafe-perm true
20 verbose argv "config" "set" "unsafe-perm" "true"
21 timing npm:load:setTitle Completed in 4ms
22 timing config:load:flatten Completed in 7ms
23 timing npm:load:display Completed in 9ms
24 verbose logfile logs-max:10 dir:/data/data/com.termux/files/home/.npm/_logs/2023-02-16T10_36_27_886Z-
25 verbose logfile /data/data/com.termux/files/home/.npm/_logs/2023-02-16T10_36_27_886Z-debug-0.log
26 timing npm:load:logFile Completed in 11ms
27 timing npm:load:timers Completed in 0ms
28 timing npm:load:configScope Completed in 1ms
29 timing npm:load Completed in 50ms
30 info config set "unsafe-perm" "true"
31 timing command:config Completed in 5ms
32 verbose stack Error: `unsafe-perm` is not a valid npm option
32 verbose stack     at Config.set (/data/data/com.termux/files/usr/lib/node_modules/npm/lib/commands/config.js:158:15)
32 verbose stack     at Config.exec (/data/data/com.termux/files/usr/lib/node_modules/npm/lib/commands/config.js:120:22)
32 verbose stack     at Config.cmdExec (/data/data/com.termux/files/usr/lib/node_modules/npm/lib/base-command.js:130:17)
32 verbose stack     at Npm.exec (/data/data/com.termux/files/usr/lib/node_modules/npm/lib/npm.js:154:20)
32 verbose stack     at async module.exports (/data/data/com.termux/files/usr/lib/node_modules/npm/lib/cli.js:134:5)
33 verbose cwd /data/data/com.termux/files/home
34 verbose Linux 4.9.154
35 verbose node v19.6.0
36 verbose npm  v9.4.0
37 error `unsafe-perm` is not a valid npm option
38 verbose exit 1
39 timing npm Completed in 84ms
40 verbose code 1
41 error A complete log of this run can be found in:
41 error     /data/data/com.termux/files/home/.npm/_logs/2023-02-16T10_36_27_886Z-debug-0.log
